<?xml version="1.0" encoding="UTF-8"?>
<!-- Generated by org.testng.reporters.JUnitXMLReporter -->
<testsuite ignored="0" hostname="DESKTOP-SJC3P4J" failures="0" tests="3" name="Test" time="109.233" errors="0" timestamp="2021-03-17T21:26:38 IST">
  <testcase classname="remoteTracking.dockerValidation.chromeTest1" name="test1" time="31.318"/>
  <testcase classname="remoteTracking.dockerValidation.chromeTest2" name="test2" time="39.316"/>
  <testcase classname="remoteTracking.dockerValidation.chromeTest3" name="test3" time="46.821"/>
</testsuite> <!-- Test -->
