-------------------------------------------------------------------------------
Test set: TestSuite
-------------------------------------------------------------------------------
Tests run: 5, Failures: 1, Errors: 0, Skipped: 4, Time elapsed: 46.418 s <<< FAILURE! - in TestSuite
startDockerScale(remoteTracking.dockerValidation.chromeTest1)  Time elapsed: 45.766 s  <<< FAILURE!
java.lang.AssertionError
	at remoteTracking.dockerValidation.chromeTest1.startDockerScale(chromeTest1.java:23)

