<?xml version="1.0" encoding="UTF-8"?>
<testng-results ignored="0" total="3" passed="3" failed="0" skipped="0">
  <reporter-output>
  </reporter-output>
  <suite started-at="2021-03-17T21:24:48 IST" name="Suite" finished-at="2021-03-17T21:26:37 IST" duration-ms="109233">
    <groups>
    </groups>
    <test started-at="2021-03-17T21:24:48 IST" name="Test" finished-at="2021-03-17T21:26:37 IST" duration-ms="109233">
      <class name="remoteTracking.dockerValidation.chromeTest1">
        <test-method is-config="true" signature="startDockerScale()[pri:0, instance:remoteTracking.dockerValidation.chromeTest1@6a6afff2]" started-at="2021-03-17T21:24:48 IST" name="startDockerScale" finished-at="2021-03-17T21:25:17 IST" duration-ms="29386" status="PASS">
          <reporter-output>
          </reporter-output>
        </test-method> <!-- startDockerScale -->
        <test-method signature="test1()[pri:0, instance:remoteTracking.dockerValidation.chromeTest1@6a6afff2]" started-at="2021-03-17T21:25:17 IST" name="test1" finished-at="2021-03-17T21:25:49 IST" duration-ms="31318" status="PASS">
          <reporter-output>
          </reporter-output>
        </test-method> <!-- test1 -->
        <test-method is-config="true" signature="stopDockerDeleteFile()[pri:0, instance:remoteTracking.dockerValidation.chromeTest1@6a6afff2]" started-at="2021-03-17T21:26:04 IST" name="stopDockerDeleteFile" finished-at="2021-03-17T21:26:37 IST" duration-ms="32832" status="PASS">
          <reporter-output>
          </reporter-output>
        </test-method> <!-- stopDockerDeleteFile -->
      </class> <!-- remoteTracking.dockerValidation.chromeTest1 -->
      <class name="remoteTracking.dockerValidation.chromeTest3">
        <test-method signature="test3()[pri:0, instance:remoteTracking.dockerValidation.chromeTest3@865dd6]" started-at="2021-03-17T21:25:17 IST" name="test3" finished-at="2021-03-17T21:26:04 IST" duration-ms="46821" status="PASS">
          <reporter-output>
          </reporter-output>
        </test-method> <!-- test3 -->
      </class> <!-- remoteTracking.dockerValidation.chromeTest3 -->
      <class name="remoteTracking.dockerValidation.chromeTest2">
        <test-method signature="test2()[pri:0, instance:remoteTracking.dockerValidation.chromeTest2@1649b0e6]" started-at="2021-03-17T21:25:17 IST" name="test2" finished-at="2021-03-17T21:25:57 IST" duration-ms="39316" status="PASS">
          <reporter-output>
          </reporter-output>
        </test-method> <!-- test2 -->
      </class> <!-- remoteTracking.dockerValidation.chromeTest2 -->
    </test> <!-- Test -->
  </suite> <!-- Suite -->
</testng-results>
